[debug] [2025-04-12T01:14:40.529Z] ----------------------------------------------------------------------
[debug] [2025-04-12T01:14:40.533Z] Command:       C:\Program Files\nodejs\node.exe C:\Users\chandrakant\AppData\Roaming\npm\node_modules\firebase-tools\lib\bin\firebase.js init hosting
[debug] [2025-04-12T01:14:40.533Z] CLI Version:   14.1.0
[debug] [2025-04-12T01:14:40.534Z] Platform:      win32
[debug] [2025-04-12T01:14:40.534Z] Node Version:  v22.14.0
[debug] [2025-04-12T01:14:40.534Z] Time:          Sat Apr 12 2025 06:44:40 GMT+0530 (India Standard Time)
[debug] [2025-04-12T01:14:40.534Z] ----------------------------------------------------------------------
[debug] 
[warn] !  JSON error trying to load C:\Users\chandrakant\OneDrive\Desktop\screen-share-app2\.firebaserc 
[debug] [2025-04-12T01:14:40.827Z] > command requires scopes: ["email","openid","https://www.googleapis.com/auth/cloudplatformprojects.readonly","https://www.googleapis.com/auth/firebase","https://www.googleapis.com/auth/cloud-platform"]
[debug] [2025-04-12T01:14:40.828Z] > authorizing via signed-in user (chandrakantteotia@gmail.com)
[info] 
     ######## #### ########  ######## ########     ###     ######  ########
     ##        ##  ##     ## ##       ##     ##  ##   ##  ##       ##
     ######    ##  ########  ######   ########  #########  ######  ######
     ##        ##  ##    ##  ##       ##     ## ##     ##       ## ##
     ##       #### ##     ## ######## ########  ##     ##  ######  ########

You're about to initialize a Firebase project in this directory:

  C:\Users\chandrakant\OneDrive\Desktop\screen-share-app2

Before we get started, keep in mind:

  * You are initializing within an existing Firebase project directory

[info] 
=== Project Setup
[info] 
[info] First, let's associate this project directory with a Firebase project.
[info] You can create multiple project aliases by running firebase use --add, 
[info] but for now we'll just set up a default project.
[info] 
[debug] [2025-04-12T01:15:24.203Z] Checked if tokens are valid: false, expires at: 1744419721262
[debug] [2025-04-12T01:15:24.203Z] Checked if tokens are valid: false, expires at: 1744419721262
[debug] [2025-04-12T01:15:24.204Z] > refreshing access token with scopes: []
[debug] [2025-04-12T01:15:24.206Z] >>> [apiv2][query] POST https://www.googleapis.com/oauth2/v3/token [none]
[debug] [2025-04-12T01:15:24.206Z] >>> [apiv2][body] POST https://www.googleapis.com/oauth2/v3/token [omitted]
[debug] [2025-04-12T01:15:24.626Z] <<< [apiv2][status] POST https://www.googleapis.com/oauth2/v3/token 200
[debug] [2025-04-12T01:15:24.626Z] <<< [apiv2][body] POST https://www.googleapis.com/oauth2/v3/token [omitted]
[debug] [2025-04-12T01:15:24.635Z] >>> [apiv2][query] GET https://firebase.googleapis.com/v1beta1/projects pageSize=100
[debug] [2025-04-12T01:15:25.589Z] <<< [apiv2][status] GET https://firebase.googleapis.com/v1beta1/projects 200
[debug] [2025-04-12T01:15:25.589Z] <<< [apiv2][body] GET https://firebase.googleapis.com/v1beta1/projects [omitted]
[info] i  Using project myedumate-live-session (MyEduMate live session) 
[info] 
=== Hosting Setup
[debug] [2025-04-12T01:15:28.960Z] Checked if tokens are valid: true, expires at: 1744424123626
[debug] [2025-04-12T01:15:28.960Z] Checked if tokens are valid: true, expires at: 1744424123626
[debug] [2025-04-12T01:15:28.961Z] >>> [apiv2][query] GET https://firebase.googleapis.com/v1beta1/projects/myedumate-live-session [none]
[debug] [2025-04-12T01:15:29.574Z] <<< [apiv2][status] GET https://firebase.googleapis.com/v1beta1/projects/myedumate-live-session 200
[debug] [2025-04-12T01:15:29.574Z] <<< [apiv2][body] GET https://firebase.googleapis.com/v1beta1/projects/myedumate-live-session {"projectId":"myedumate-live-session","projectNumber":"1024555546391","displayName":"MyEduMate live session","name":"projects/myedumate-live-session","resources":{"hostingSite":"myedumate-live-session","realtimeDatabaseInstance":"myedumate-live-session-default-rtdb"},"state":"ACTIVE","etag":"1_de4a436c-ca8a-4ff4-bb14-c289c7a42b50"}
[info] 
[info] Your public directory is the folder (relative to your project directory) that
[info] will contain Hosting assets to be uploaded with firebase deploy. If you
[info] have a build process for your assets, use your build's output directory.
[info] 
[debug] [2025-04-12T01:15:42.908Z] >>> [apiv2][query] GET https://www.gstatic.com/firebasejs/releases.json [none]
[debug] [2025-04-12T01:15:43.131Z] <<< [apiv2][status] GET https://www.gstatic.com/firebasejs/releases.json 200
[debug] [2025-04-12T01:15:43.132Z] <<< [apiv2][body] GET https://www.gstatic.com/firebasejs/releases.json {"current":{"version":"11.6.0","browserURL":"https://www.gstatic.com/firebasejs/11.6.0/firebase.js","packageURL":"https://www.gstatic.com/firebasejs/11.6.0/firebase.tgz"},"live":{"version":"11.6","browserURL":"https://www.gstatic.com/firebasejs/live/11.6/firebase.js","packageURL":"https://www.gstatic.com/firebasejs/live/11.6/firebase.tgz"},"components":{"analytics":"https://www.gstatic.com/firebasejs/11.6.0/firebase-analytics.js","app":"https://www.gstatic.com/firebasejs/11.6.0/firebase-app.js","app-check":"https://www.gstatic.com/firebasejs/11.6.0/firebase-app-check.js","auth":"https://www.gstatic.com/firebasejs/11.6.0/firebase-auth.js","auth/cordova":"https://www.gstatic.com/firebasejs/11.6.0/firebase-auth/cordova.js","auth/web-extension":"https://www.gstatic.com/firebasejs/11.6.0/firebase-auth/web-extension.js","functions":"https://www.gstatic.com/firebasejs/11.6.0/firebase-functions.js","firestore":"https://www.gstatic.com/firebasejs/11.6.0/firebase-firestore.js","firestore/lite":"https://www.gstatic.com/firebasejs/11.6.0/firebase-firestore/lite.js","installations":"https://www.gstatic.com/firebasejs/11.6.0/firebase-installations.js","storage":"https://www.gstatic.com/firebasejs/11.6.0/firebase-storage.js","performance":"https://www.gstatic.com/firebasejs/11.6.0/firebase-performance.js","remote-config":"https://www.gstatic.com/firebasejs/11.6.0/firebase-remote-config.js","messaging":"https://www.gstatic.com/firebasejs/11.6.0/firebase-messaging.js","messaging/sw":"https://www.gstatic.com/firebasejs/11.6.0/firebase-messaging/sw.js","database":"https://www.gstatic.com/firebasejs/11.6.0/firebase-database.js","vertexai":"https://www.gstatic.com/firebasejs/11.6.0/firebase-vertexai.js","data-connect":"https://www.gstatic.com/firebasejs/11.6.0/firebase-data-connect.js","firestore.memory":"https://www.gstatic.com/firebasejs/11.6.0/firebase-firestore.memory.js"}}
[info] +  Wrote public/index.html 
[info] 
[info] i  Didn't detect a .git folder. Assuming C:\Users\chandrakant\OneDrive\Desktop\screen-share-app2 is the project root. 
[info] i  Authorizing with GitHub to upload your service account to a GitHub repository's secrets store. 
[info] 
[info] Visit this URL on this device to log in:
[info] https://github.com/login/oauth/authorize?client_id=89cf50f02ac6aaed3484&state=120582580&redirect_uri=http%3A%2F%2Flocalhost%3A9005&scope=read%3Auser%20repo%20public_repo
[info] 
[info] Waiting for authentication...
[debug] [2025-04-12T01:15:45.231Z] >>> [apiv2][query] POST https://github.com/login/oauth/access_token [none]
[debug] [2025-04-12T01:15:45.231Z] >>> [apiv2][body] POST https://github.com/login/oauth/access_token [stream]
[debug] [2025-04-12T01:15:45.673Z] <<< [apiv2][status] POST https://github.com/login/oauth/access_token 200
[debug] [2025-04-12T01:15:45.673Z] <<< [apiv2][body] POST https://github.com/login/oauth/access_token {"access_token":"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","token_type":"bearer","scope":"read:user,repo"}
[debug] [2025-04-12T01:15:45.680Z] >>> [apiv2][query] GET https://api.github.com/user [none]
[debug] [2025-04-12T01:15:46.212Z] <<< [apiv2][status] GET https://api.github.com/user 200
[debug] [2025-04-12T01:15:46.212Z] <<< [apiv2][body] GET https://api.github.com/user {"login":"chandrakantteotia","id":173792595,"node_id":"U_kgDOClvdUw","avatar_url":"https://avatars.githubusercontent.com/u/173792595?v=4","gravatar_id":"","url":"https://api.github.com/users/chandrakantteotia","html_url":"https://github.com/chandrakantteotia","followers_url":"https://api.github.com/users/chandrakantteotia/followers","following_url":"https://api.github.com/users/chandrakantteotia/following{/other_user}","gists_url":"https://api.github.com/users/chandrakantteotia/gists{/gist_id}","starred_url":"https://api.github.com/users/chandrakantteotia/starred{/owner}{/repo}","subscriptions_url":"https://api.github.com/users/chandrakantteotia/subscriptions","organizations_url":"https://api.github.com/users/chandrakantteotia/orgs","repos_url":"https://api.github.com/users/chandrakantteotia/repos","events_url":"https://api.github.com/users/chandrakantteotia/events{/privacy}","received_events_url":"https://api.github.com/users/chandrakantteotia/received_events","type":"User","user_view_type":"private","site_admin":false,"name":"chandrakant teotia","company":"m","blog":"","location":null,"email":"chandrakantteotia@gmail.com","hireable":null,"bio":null,"twitter_username":null,"notification_email":"chandrakantteotia@gmail.com","public_repos":6,"public_gists":0,"followers":0,"following":0,"created_at":"2024-06-25T10:31:29Z","updated_at":"2025-03-29T09:10:41Z","private_gists":0,"total_private_repos":0,"owned_private_repos":0,"disk_usage":27684,"collaborators":0,"two_factor_authentication":false,"plan":{"name":"free","space":976562499,"collaborators":0,"private_repos":10000}}
[info] 
[info] +  Success! Logged into GitHub as chandrakantteotia 
[info] 
